================================================================================
JobID = 11956802
User = hpctraining18, Account = all
Partition = medium, Nodelist = amp[002,004,006]
================================================================================
9 2 amp002
9 0 amp002
9 1 amp002
9 7 amp006
9 8 amp006
9 6 amp006
9 3 amp004
9 4 amp004
9 5 amp004
============ Job Information ===================================================
Submitted: 2022-04-26T13:06:02
Started: 2022-04-26T13:06:03
Ended: 2022-04-26T13:06:07
Elapsed: 1 min, Limit: 10 min, Difference: 9 min
CPUs: 9, Nodes: 3
============= ProfiT-HPC =======================================================
To generate the ProfiT-HPC text report, run the following command
profit-hpc 11956802
================================================================================
